This is pdfTeX, Version 3.14159265-2.6-1.40.21 (MiKTeX 20.6.29) (preloaded format=pdflatex 2020.7.2)  22 JUL 2020 22:15
entering extended mode
**./seguimientov4.tex
(seguimientov4.tex
LaTeX2e <2020-02-02> patch level 5
L3 programming layer <2020-06-18>
("C:\Users\PERCI\AppData\Local\Programs\MiKTeX 2.9\tex/latex/base\article.cls"
Document Class: article 2019/12/20 v1.4l Standard LaTeX document class
("C:\Users\PERCI\AppData\Local\Programs\MiKTeX 2.9\tex/latex/base\size10.clo"
File: size10.clo 2019/12/20 v1.4l Standard LaTeX file (size option)
)
\c@part=\count167
\c@section=\count168
\c@subsection=\count169
\c@subsubsection=\count170
\c@paragraph=\count171
\c@subparagraph=\count172
\c@figure=\count173
\c@table=\count174
\abovecaptionskip=\skip47
\belowcaptionskip=\skip48
\bibindent=\dimen134
) (C:/PROGRA~1/R/R-36~1.3/share/texmf/tex/latex\Sweave.sty
Package: Sweave 

("C:\Users\PERCI\AppData\Local\Programs\MiKTeX 2.9\tex/latex/base\ifthen.sty"
Package: ifthen 2014/09/29 v1.1c Standard LaTeX ifthen package (DPC)
)
("C:\Users\PERCI\AppData\Local\Programs\MiKTeX 2.9\tex/latex/graphics\graphicx.
sty"
Package: graphicx 2019/11/30 v1.2a Enhanced LaTeX Graphics (DPC,SPQR)

("C:\Users\PERCI\AppData\Local\Programs\MiKTeX 2.9\tex/latex/graphics\keyval.st
y"
Package: keyval 2014/10/28 v1.15 key=value parser (DPC)
\KV@toks@=\toks15
)
("C:\Users\PERCI\AppData\Local\Programs\MiKTeX 2.9\tex/latex/graphics\graphics.
sty"
Package: graphics 2019/11/30 v1.4a Standard LaTeX Graphics (DPC,SPQR)

("C:\Users\PERCI\AppData\Local\Programs\MiKTeX 2.9\tex/latex/graphics\trig.sty"
Package: trig 2016/01/03 v1.10 sin cos tan (DPC)
)
("C:\Users\PERCI\AppData\Local\Programs\MiKTeX 2.9\tex/latex/graphics-cfg\graph
ics.cfg"
File: graphics.cfg 2016/06/04 v1.11 sample graphics configuration
)
Package graphics Info: Driver file: pdftex.def on input line 105.

("C:\Users\PERCI\AppData\Local\Programs\MiKTeX 2.9\tex/latex/graphics-def\pdfte
x.def"
File: pdftex.def 2018/01/08 v1.0l Graphics/color driver for pdftex
))
\Gin@req@height=\dimen135
\Gin@req@width=\dimen136
)
("C:\Users\PERCI\AppData\Local\Programs\MiKTeX 2.9\tex/latex/fancyvrb\fancyvrb.
sty"
Package: fancyvrb 2020/05/03 v3.6 verbatim text (tvz,hv)
\FV@CodeLineNo=\count175
\FV@InFile=\read2
\FV@TabBox=\box45
\c@FancyVerbLine=\count176
\FV@StepNumber=\count177
\FV@OutFile=\write3
)
("C:\Users\PERCI\AppData\Local\Programs\MiKTeX 2.9\tex/latex/base\textcomp.sty"
Package: textcomp 2020/02/02 v2.0n Standard LaTeX package
) ("C:\Users\PERCI\AppData\Local\Programs\MiKTeX 2.9\tex/latex/base\fontenc.sty
"
Package: fontenc 2020/02/11 v2.0o Standard LaTeX package
) ("C:\Users\PERCI\AppData\Local\Programs\MiKTeX 2.9\tex/latex/ae\ae.sty"
Package: ae 2001/02/12 1.3 Almost European Computer Modern

("C:\Users\PERCI\AppData\Local\Programs\MiKTeX 2.9\tex/latex/base\fontenc.sty"
Package: fontenc 2020/02/11 v2.0o Standard LaTeX package
)))
("C:\Users\PERCI\AppData\Local\Programs\MiKTeX 2.9\tex/latex/l3backend\l3backen
d-pdfmode.def"
File: l3backend-pdfmode.def 2020-06-29 L3 backend support: PDF mode
\l__kernel_color_stack_int=\count178
\l__pdf_internal_box=\box46
) (seguimientov4.aux)
\openout1 = `seguimientov4.aux'.

LaTeX Font Info:    Checking defaults for OML/cmm/m/it on input line 4.
LaTeX Font Info:    ... okay on input line 4.
LaTeX Font Info:    Checking defaults for OMS/cmsy/m/n on input line 4.
LaTeX Font Info:    ... okay on input line 4.
LaTeX Font Info:    Checking defaults for OT1/cmr/m/n on input line 4.
LaTeX Font Info:    ... okay on input line 4.
LaTeX Font Info:    Checking defaults for T1/cmr/m/n on input line 4.
LaTeX Font Info:    ... okay on input line 4.
LaTeX Font Info:    Checking defaults for TS1/cmr/m/n on input line 4.
LaTeX Font Info:    ... okay on input line 4.
LaTeX Font Info:    Checking defaults for OMX/cmex/m/n on input line 4.
LaTeX Font Info:    ... okay on input line 4.
LaTeX Font Info:    Checking defaults for U/cmr/m/n on input line 4.
LaTeX Font Info:    ... okay on input line 4.
LaTeX Font Info:    Trying to load font information for T1+aer on input line 4.


("C:\Users\PERCI\AppData\Local\Programs\MiKTeX 2.9\tex/latex/ae\t1aer.fd"
File: t1aer.fd 1997/11/16 Font definitions for T1/aer.
)
("C:\Users\PERCI\AppData\Local\Programs\MiKTeX 2.9\tex/context/base/mkii\supp-p
df.mkii"
[Loading MPS to PDF converter (version 2006.09.02).]
\scratchcounter=\count179
\scratchdimen=\dimen137
\scratchbox=\box47
\nofMPsegments=\count180
\nofMParguments=\count181
\everyMPshowfont=\toks16
\MPscratchCnt=\count182
\MPscratchDim=\dimen138
\MPnumerator=\count183
\makeMPintoPDFobject=\count184
\everyMPtoPDFconversion=\toks17
)
("C:\Users\PERCI\AppData\Local\Programs\MiKTeX 2.9\tex/latex/epstopdf-pkg\epsto
pdf-base.sty"
Package: epstopdf-base 2020-01-24 v2.11 Base part for package epstopdf

("C:\Users\PERCI\AppData\Local\Programs\MiKTeX 2.9\tex/generic/infwarerr\infwar
err.sty"
Package: infwarerr 2019/12/03 v1.5 Providing info/warning/error messages (HO)
)
("C:\Users\PERCI\AppData\Local\Programs\MiKTeX 2.9\tex/latex/grfext\grfext.sty"
Package: grfext 2019/12/03 v1.3 Manage graphics extensions (HO)

("C:\Users\PERCI\AppData\Local\Programs\MiKTeX 2.9\tex/generic/kvdefinekeys\kvd
efinekeys.sty"
Package: kvdefinekeys 2019-12-19 v1.6 Define keys (HO)
))
("C:\Users\PERCI\AppData\Local\Programs\MiKTeX 2.9\tex/latex/kvoptions\kvoption
s.sty"
Package: kvoptions 2019/11/29 v3.13 Key value format for package options (HO)

("C:\Users\PERCI\AppData\Local\Programs\MiKTeX 2.9\tex/generic/ltxcmds\ltxcmds.
sty"
Package: ltxcmds 2019/12/15 v1.24 LaTeX kernel commands for general use (HO)
)
("C:\Users\PERCI\AppData\Local\Programs\MiKTeX 2.9\tex/generic/kvsetkeys\kvsetk
eys.sty"
Package: kvsetkeys 2019/12/15 v1.18 Key value parser (HO)
))
("C:\Users\PERCI\AppData\Local\Programs\MiKTeX 2.9\tex/generic/pdftexcmds\pdfte
xcmds.sty"
Package: pdftexcmds 2020-06-27 v0.33 Utility functions of pdfTeX for LuaTeX (HO
)

("C:\Users\PERCI\AppData\Local\Programs\MiKTeX 2.9\tex/generic/iftex\iftex.sty"
Package: iftex 2020/03/06 v1.0d TeX engine tests
)
Package pdftexcmds Info: \pdf@primitive is available.
Package pdftexcmds Info: \pdf@ifprimitive is available.
Package pdftexcmds Info: \pdfdraftmode found.
)
Package epstopdf-base Info: Redefining graphics rule for `.eps' on input line 4
85.
Package grfext Info: Graphics extension search list:
(grfext)             [.pdf,.png,.jpg,.mps,.jpeg,.jbig2,.jb2,.PDF,.PNG,.JPG,.JPE
G,.JBIG2,.JB2,.eps]
(grfext)             \AppendGraphicsExtensions on input line 504.
) (seguimientov4-concordance.tex)
LaTeX Font Info:    External font `cmex10' loaded for size
(Font)              <12> on input line 9.
LaTeX Font Info:    External font `cmex10' loaded for size
(Font)              <8> on input line 9.
LaTeX Font Info:    External font `cmex10' loaded for size
(Font)              <6> on input line 9.

Overfull \hbox (54.58937pt too wide) in paragraph at lines 11--12
\T1/aer/m/n/9 RStu-dio. Pueden en-con-trar el codigo en https://github.com/Hern
anPerci/PROMSACE 
 []

(seguimientov4.toc)
\tf@toc=\write4
\openout4 = `seguimientov4.toc'.

LaTeX Font Info:    Trying to load font information for T1+aett on input line 2
3.

("C:\Users\PERCI\AppData\Local\Programs\MiKTeX 2.9\tex/latex/ae\t1aett.fd"
File: t1aett.fd 1997/11/16 Font definitions for T1/aett.
)
[1

{C:/Users/PERCI/AppData/Local/MiKTeX/2.9/pdftex/config/pdftex.map}]
Package textcomp Info: Symbol \textasciigrave not provided by
(textcomp)             font family aett in TS1 encoding.
(textcomp)             Default family used instead on input line 27.
LaTeX Font Info:    Trying to load font information for T1+cmtt on input line 2
7.

("C:\Users\PERCI\AppData\Local\Programs\MiKTeX 2.9\tex/latex/base\t1cmtt.fd"
File: t1cmtt.fd 2019/12/16 v2.5j Standard LaTeX font definitions
)
LaTeX Font Info:    Trying to load font information for TS1+cmtt on input line 
27.

("C:\Users\PERCI\AppData\Local\Programs\MiKTeX 2.9\tex/latex/base\ts1cmtt.fd"
File: ts1cmtt.fd 2019/12/16 v2.5j Standard LaTeX font definitions
)
Package textcomp Info: Symbol \textasciigrave not provided by
(textcomp)             font family aett in TS1 encoding.
(textcomp)             Default family used instead on input line 27.
Package textcomp Info: Symbol \textasciigrave not provided by
(textcomp)             font family aett in TS1 encoding.
(textcomp)             Default family used instead on input line 28.
Package textcomp Info: Symbol \textasciigrave not provided by
(textcomp)             font family aett in TS1 encoding.
(textcomp)             Default family used instead on input line 28.
Package textcomp Info: Symbol \textasciigrave not provided by
(textcomp)             font family aett in TS1 encoding.
(textcomp)             Default family used instead on input line 30.
Package textcomp Info: Symbol \textasciigrave not provided by
(textcomp)             font family aett in TS1 encoding.
(textcomp)             Default family used instead on input line 30.
Package textcomp Info: Symbol \textasciigrave not provided by
(textcomp)             font family aett in TS1 encoding.
(textcomp)             Default family used instead on input line 33.
Package textcomp Info: Symbol \textasciigrave not provided by
(textcomp)             font family aett in TS1 encoding.
(textcomp)             Default family used instead on input line 33.
Package textcomp Info: Symbol \textasciigrave not provided by
(textcomp)             font family aett in TS1 encoding.
(textcomp)             Default family used instead on input line 34.
Package textcomp Info: Symbol \textasciigrave not provided by
(textcomp)             font family aett in TS1 encoding.
(textcomp)             Default family used instead on input line 34.
Package textcomp Info: Symbol \textasciigrave not provided by
(textcomp)             font family aett in TS1 encoding.
(textcomp)             Default family used instead on input line 35.
Package textcomp Info: Symbol \textasciigrave not provided by
(textcomp)             font family aett in TS1 encoding.
(textcomp)             Default family used instead on input line 35.
Package textcomp Info: Symbol \textasciigrave not provided by
(textcomp)             font family aett in TS1 encoding.
(textcomp)             Default family used instead on input line 36.
Package textcomp Info: Symbol \textasciigrave not provided by
(textcomp)             font family aett in TS1 encoding.
(textcomp)             Default family used instead on input line 36.
Package textcomp Info: Symbol \textasciigrave not provided by
(textcomp)             font family aett in TS1 encoding.
(textcomp)             Default family used instead on input line 37.
Package textcomp Info: Symbol \textasciigrave not provided by
(textcomp)             font family aett in TS1 encoding.
(textcomp)             Default family used instead on input line 37.
Package textcomp Info: Symbol \textasciigrave not provided by
(textcomp)             font family aett in TS1 encoding.
(textcomp)             Default family used instead on input line 39.
Package textcomp Info: Symbol \textasciigrave not provided by
(textcomp)             font family aett in TS1 encoding.
(textcomp)             Default family used instead on input line 39.
Package textcomp Info: Symbol \textasciigrave not provided by
(textcomp)             font family aett in TS1 encoding.
(textcomp)             Default family used instead on input line 40.
Package textcomp Info: Symbol \textasciigrave not provided by
(textcomp)             font family aett in TS1 encoding.
(textcomp)             Default family used instead on input line 40.
Package textcomp Info: Symbol \textasciigrave not provided by
(textcomp)             font family aett in TS1 encoding.
(textcomp)             Default family used instead on input line 41.
Package textcomp Info: Symbol \textasciigrave not provided by
(textcomp)             font family aett in TS1 encoding.
(textcomp)             Default family used instead on input line 41.
Package textcomp Info: Symbol \textasciigrave not provided by
(textcomp)             font family aett in TS1 encoding.
(textcomp)             Default family used instead on input line 42.
Package textcomp Info: Symbol \textasciigrave not provided by
(textcomp)             font family aett in TS1 encoding.
(textcomp)             Default family used instead on input line 42.
Package textcomp Info: Symbol \textasciigrave not provided by
(textcomp)             font family aett in TS1 encoding.
(textcomp)             Default family used instead on input line 43.
Package textcomp Info: Symbol \textasciigrave not provided by
(textcomp)             font family aett in TS1 encoding.
(textcomp)             Default family used instead on input line 43.
Package textcomp Info: Symbol \textasciigrave not provided by
(textcomp)             font family aett in TS1 encoding.
(textcomp)             Default family used instead on input line 44.
Package textcomp Info: Symbol \textasciigrave not provided by
(textcomp)             font family aett in TS1 encoding.
(textcomp)             Default family used instead on input line 44.
Package textcomp Info: Symbol \textasciigrave not provided by
(textcomp)             font family aett in TS1 encoding.
(textcomp)             Default family used instead on input line 47.
Package textcomp Info: Symbol \textasciigrave not provided by
(textcomp)             font family aett in TS1 encoding.
(textcomp)             Default family used instead on input line 47.
Package textcomp Info: Symbol \textasciigrave not provided by
(textcomp)             font family aett in TS1 encoding.
(textcomp)             Default family used instead on input line 48.
Package textcomp Info: Symbol \textasciigrave not provided by
(textcomp)             font family aett in TS1 encoding.
(textcomp)             Default family used instead on input line 48.
Package textcomp Info: Symbol \textasciigrave not provided by
(textcomp)             font family aett in TS1 encoding.
(textcomp)             Default family used instead on input line 50.
Package textcomp Info: Symbol \textasciigrave not provided by
(textcomp)             font family aett in TS1 encoding.
(textcomp)             Default family used instead on input line 50.
Package textcomp Info: Symbol \textasciigrave not provided by
(textcomp)             font family aett in TS1 encoding.
(textcomp)             Default family used instead on input line 62.
Package textcomp Info: Symbol \textasciigrave not provided by
(textcomp)             font family aett in TS1 encoding.
(textcomp)             Default family used instead on input line 62.
Package textcomp Info: Symbol \textasciigrave not provided by
(textcomp)             font family aett in TS1 encoding.
(textcomp)             Default family used instead on input line 64.
Package textcomp Info: Symbol \textasciigrave not provided by
(textcomp)             font family aett in TS1 encoding.
(textcomp)             Default family used instead on input line 64.
Package textcomp Info: Symbol \textasciigrave not provided by
(textcomp)             font family aett in TS1 encoding.
(textcomp)             Default family used instead on input line 67.
Package textcomp Info: Symbol \textasciigrave not provided by
(textcomp)             font family aett in TS1 encoding.
(textcomp)             Default family used instead on input line 67.
Package textcomp Info: Symbol \textasciigrave not provided by
(textcomp)             font family aett in TS1 encoding.
(textcomp)             Default family used instead on input line 68.
Package textcomp Info: Symbol \textasciigrave not provided by
(textcomp)             font family aett in TS1 encoding.
(textcomp)             Default family used instead on input line 68.

[2]
Package textcomp Info: Symbol \textasciigrave not provided by
(textcomp)             font family aett in TS1 encoding.
(textcomp)             Default family used instead on input line 69.
Package textcomp Info: Symbol \textasciigrave not provided by
(textcomp)             font family aett in TS1 encoding.
(textcomp)             Default family used instead on input line 69.
Package textcomp Info: Symbol \textasciigrave not provided by
(textcomp)             font family aett in TS1 encoding.
(textcomp)             Default family used instead on input line 70.
Package textcomp Info: Symbol \textasciigrave not provided by
(textcomp)             font family aett in TS1 encoding.
(textcomp)             Default family used instead on input line 70.
Package textcomp Info: Symbol \textasciigrave not provided by
(textcomp)             font family aett in TS1 encoding.
(textcomp)             Default family used instead on input line 71.
Package textcomp Info: Symbol \textasciigrave not provided by
(textcomp)             font family aett in TS1 encoding.
(textcomp)             Default family used instead on input line 71.
Package textcomp Info: Symbol \textasciigrave not provided by
(textcomp)             font family aett in TS1 encoding.
(textcomp)             Default family used instead on input line 73.
Package textcomp Info: Symbol \textasciigrave not provided by
(textcomp)             font family aett in TS1 encoding.
(textcomp)             Default family used instead on input line 73.
<seguimientov4-004.pdf, id=16, 433.62pt x 433.62pt>
File: seguimientov4-004.pdf Graphic file (type pdf)
<use seguimientov4-004.pdf>
Package pdftex.def Info: seguimientov4-004.pdf  used on input line 100.
(pdftex.def)             Requested size: 276.00105pt x 276.0139pt.
 [3 <./seguimientov4-004.pdf>]
Package textcomp Info: Symbol \textasciigrave not provided by
(textcomp)             font family aett in TS1 encoding.
(textcomp)             Default family used instead on input line 109.
Package textcomp Info: Symbol \textasciigrave not provided by
(textcomp)             font family aett in TS1 encoding.
(textcomp)             Default family used instead on input line 109.
Package textcomp Info: Symbol \textasciigrave not provided by
(textcomp)             font family aett in TS1 encoding.
(textcomp)             Default family used instead on input line 110.
Package textcomp Info: Symbol \textasciigrave not provided by
(textcomp)             font family aett in TS1 encoding.
(textcomp)             Default family used instead on input line 110.
Package textcomp Info: Symbol \textasciigrave not provided by
(textcomp)             font family aett in TS1 encoding.
(textcomp)             Default family used instead on input line 111.
Package textcomp Info: Symbol \textasciigrave not provided by
(textcomp)             font family aett in TS1 encoding.
(textcomp)             Default family used instead on input line 111.
Package textcomp Info: Symbol \textasciigrave not provided by
(textcomp)             font family aett in TS1 encoding.
(textcomp)             Default family used instead on input line 112.
Package textcomp Info: Symbol \textasciigrave not provided by
(textcomp)             font family aett in TS1 encoding.
(textcomp)             Default family used instead on input line 112.
Package textcomp Info: Symbol \textasciigrave not provided by
(textcomp)             font family aett in TS1 encoding.
(textcomp)             Default family used instead on input line 113.
Package textcomp Info: Symbol \textasciigrave not provided by
(textcomp)             font family aett in TS1 encoding.
(textcomp)             Default family used instead on input line 113.
Package textcomp Info: Symbol \textasciigrave not provided by
(textcomp)             font family aett in TS1 encoding.
(textcomp)             Default family used instead on input line 114.
Package textcomp Info: Symbol \textasciigrave not provided by
(textcomp)             font family aett in TS1 encoding.
(textcomp)             Default family used instead on input line 114.
<seguimientov4-006.pdf, id=25, 433.62pt x 433.62pt>
File: seguimientov4-006.pdf Graphic file (type pdf)
<use seguimientov4-006.pdf>
Package pdftex.def Info: seguimientov4-006.pdf  used on input line 141.
(pdftex.def)             Requested size: 276.00105pt x 276.0139pt.
 [4]
<seguimientov4-008.pdf, id=29, 433.62pt x 433.62pt>
File: seguimientov4-008.pdf Graphic file (type pdf)
<use seguimientov4-008.pdf>
Package pdftex.def Info: seguimientov4-008.pdf  used on input line 177.
(pdftex.def)             Requested size: 276.00105pt x 276.0139pt.
 [5 <./seguimientov4-006.pdf>]
<seguimientov4-010.pdf, id=38, 433.62pt x 433.62pt>
File: seguimientov4-010.pdf Graphic file (type pdf)
<use seguimientov4-010.pdf>
Package pdftex.def Info: seguimientov4-010.pdf  used on input line 214.
(pdftex.def)             Requested size: 276.00105pt x 276.0139pt.
 [6 <./seguimientov4-008.pdf>]
Package textcomp Info: Symbol \textasciigrave not provided by
(textcomp)             font family aett in TS1 encoding.
(textcomp)             Default family used instead on input line 224.
Package textcomp Info: Symbol \textasciigrave not provided by
(textcomp)             font family aett in TS1 encoding.
(textcomp)             Default family used instead on input line 224.
<seguimientov4-012.pdf, id=47, 433.62pt x 433.62pt>
File: seguimientov4-012.pdf Graphic file (type pdf)
<use seguimientov4-012.pdf>
Package pdftex.def Info: seguimientov4-012.pdf  used on input line 251.
(pdftex.def)             Requested size: 276.00105pt x 276.0139pt.
 [7 <./seguimientov4-010.pdf>]
Package textcomp Info: Symbol \textasciigrave not provided by
(textcomp)             font family aett in TS1 encoding.
(textcomp)             Default family used instead on input line 261.
Package textcomp Info: Symbol \textasciigrave not provided by
(textcomp)             font family aett in TS1 encoding.
(textcomp)             Default family used instead on input line 261.
<seguimientov4-014.pdf, id=57, 433.62pt x 433.62pt>
File: seguimientov4-014.pdf Graphic file (type pdf)
<use seguimientov4-014.pdf>
Package pdftex.def Info: seguimientov4-014.pdf  used on input line 288.
(pdftex.def)             Requested size: 276.00105pt x 276.0139pt.
 [8 <./seguimientov4-012.pdf>]
<seguimientov4-016.pdf, id=66, 433.62pt x 433.62pt>
File: seguimientov4-016.pdf Graphic file (type pdf)
<use seguimientov4-016.pdf>
Package pdftex.def Info: seguimientov4-016.pdf  used on input line 324.
(pdftex.def)             Requested size: 276.00105pt x 276.0139pt.

[9 <./seguimientov4-014.pdf>]
Package textcomp Info: Symbol \textasciigrave not provided by
(textcomp)             font family aett in TS1 encoding.
(textcomp)             Default family used instead on input line 334.
Package textcomp Info: Symbol \textasciigrave not provided by
(textcomp)             font family aett in TS1 encoding.
(textcomp)             Default family used instead on input line 334.
<seguimientov4-018.pdf, id=75, 433.62pt x 433.62pt>
File: seguimientov4-018.pdf Graphic file (type pdf)
<use seguimientov4-018.pdf>
Package pdftex.def Info: seguimientov4-018.pdf  used on input line 361.
(pdftex.def)             Requested size: 276.00105pt x 276.0139pt.
 [10 <./seguimientov4-016.pdf>] [11 <./seguimientov4-018.pdf>] (seguimientov4.a
ux) ) 
Here is how much of TeX's memory you used:
 2510 strings out of 480790
 39799 string characters out of 2895394
 276458 words of memory out of 3000000
 18455 multiletter control sequences out of 15000+200000
 557530 words of font info for 73 fonts, out of 3000000 for 9000
 1141 hyphenation exceptions out of 8191
 38i,6n,29p,311b,284s stack positions out of 5000i,500n,10000p,200000b,50000s
 <C:\Users\PERCI\AppData\Local\MiKTeX\2.9\fonts/pk/ljfour/jknappen/ec/dpi6
00\tctt1000.pk><C:/Users/PERCI/AppData/Local/Programs/MiKTeX 2.9/fonts/type1/pu
blic/amsfonts/cm/cmb10.pfb><C:/Users/PERCI/AppData/Local/Programs/MiKTeX 2.9/fo
nts/type1/public/amsfonts/cm/cmr10.pfb><C:/Users/PERCI/AppData/Local/Programs/M
iKTeX 2.9/fonts/type1/public/amsfonts/cm/cmr12.pfb><C:/Users/PERCI/AppData/Loca
l/Programs/MiKTeX 2.9/fonts/type1/public/amsfonts/cm/cmr17.pfb><C:/Users/PERCI/
AppData/Local/Programs/MiKTeX 2.9/fonts/type1/public/amsfonts/cm/cmr9.pfb><C:/U
sers/PERCI/AppData/Local/Programs/MiKTeX 2.9/fonts/type1/public/amsfonts/cm/cmt
t10.pfb>
Output written on seguimientov4.pdf (11 pages, 164673 bytes).
PDF statistics:
 116 PDF objects out of 1000 (max. 8388607)
 0 named destinations out of 1000 (max. 500000)
 45 words of extra memory for PDF output out of 10000 (max. 10000000)

