This is pdfTeX, Version 3.14159265-2.6-1.40.21 (MiKTeX 20.6.29) (preloaded format=pdflatex 2020.7.2)  13 JUL 2020 02:53
entering extended mode
**./seguimientov3.tex
(seguimientov3.tex
LaTeX2e <2020-02-02> patch level 5
L3 programming layer <2020-06-18>
("C:\Users\PERCI\AppData\Local\Programs\MiKTeX 2.9\tex/latex/base\article.cls"
Document Class: article 2019/12/20 v1.4l Standard LaTeX document class
("C:\Users\PERCI\AppData\Local\Programs\MiKTeX 2.9\tex/latex/base\size10.clo"
File: size10.clo 2019/12/20 v1.4l Standard LaTeX file (size option)
)
\c@part=\count167
\c@section=\count168
\c@subsection=\count169
\c@subsubsection=\count170
\c@paragraph=\count171
\c@subparagraph=\count172
\c@figure=\count173
\c@table=\count174
\abovecaptionskip=\skip47
\belowcaptionskip=\skip48
\bibindent=\dimen134
) (C:/PROGRA~1/R/R-36~1.3/share/texmf/tex/latex\Sweave.sty
Package: Sweave 

("C:\Users\PERCI\AppData\Local\Programs\MiKTeX 2.9\tex/latex/base\ifthen.sty"
Package: ifthen 2014/09/29 v1.1c Standard LaTeX ifthen package (DPC)
)
("C:\Users\PERCI\AppData\Local\Programs\MiKTeX 2.9\tex/latex/graphics\graphicx.
sty"
Package: graphicx 2019/11/30 v1.2a Enhanced LaTeX Graphics (DPC,SPQR)

("C:\Users\PERCI\AppData\Local\Programs\MiKTeX 2.9\tex/latex/graphics\keyval.st
y"
Package: keyval 2014/10/28 v1.15 key=value parser (DPC)
\KV@toks@=\toks15
)
("C:\Users\PERCI\AppData\Local\Programs\MiKTeX 2.9\tex/latex/graphics\graphics.
sty"
Package: graphics 2019/11/30 v1.4a Standard LaTeX Graphics (DPC,SPQR)

("C:\Users\PERCI\AppData\Local\Programs\MiKTeX 2.9\tex/latex/graphics\trig.sty"
Package: trig 2016/01/03 v1.10 sin cos tan (DPC)
)
("C:\Users\PERCI\AppData\Local\Programs\MiKTeX 2.9\tex/latex/graphics-cfg\graph
ics.cfg"
File: graphics.cfg 2016/06/04 v1.11 sample graphics configuration
)
Package graphics Info: Driver file: pdftex.def on input line 105.

("C:\Users\PERCI\AppData\Local\Programs\MiKTeX 2.9\tex/latex/graphics-def\pdfte
x.def"
File: pdftex.def 2018/01/08 v1.0l Graphics/color driver for pdftex
))
\Gin@req@height=\dimen135
\Gin@req@width=\dimen136
)
("C:\Users\PERCI\AppData\Local\Programs\MiKTeX 2.9\tex/latex/fancyvrb\fancyvrb.
sty"
Package: fancyvrb 2020/05/03 v3.6 verbatim text (tvz,hv)
\FV@CodeLineNo=\count175
\FV@InFile=\read2
\FV@TabBox=\box45
\c@FancyVerbLine=\count176
\FV@StepNumber=\count177
\FV@OutFile=\write3
)
("C:\Users\PERCI\AppData\Local\Programs\MiKTeX 2.9\tex/latex/base\textcomp.sty"
Package: textcomp 2020/02/02 v2.0n Standard LaTeX package
) ("C:\Users\PERCI\AppData\Local\Programs\MiKTeX 2.9\tex/latex/base\fontenc.sty
"
Package: fontenc 2020/02/11 v2.0o Standard LaTeX package
) ("C:\Users\PERCI\AppData\Local\Programs\MiKTeX 2.9\tex/latex/ae\ae.sty"
Package: ae 2001/02/12 1.3 Almost European Computer Modern

("C:\Users\PERCI\AppData\Local\Programs\MiKTeX 2.9\tex/latex/base\fontenc.sty"
Package: fontenc 2020/02/11 v2.0o Standard LaTeX package
)))
("C:\Users\PERCI\AppData\Local\Programs\MiKTeX 2.9\tex/latex/l3backend\l3backen
d-pdfmode.def"
File: l3backend-pdfmode.def 2020-06-29 L3 backend support: PDF mode
\l__kernel_color_stack_int=\count178
\l__pdf_internal_box=\box46
) (seguimientov3.aux)
\openout1 = `seguimientov3.aux'.

LaTeX Font Info:    Checking defaults for OML/cmm/m/it on input line 4.
LaTeX Font Info:    ... okay on input line 4.
LaTeX Font Info:    Checking defaults for OMS/cmsy/m/n on input line 4.
LaTeX Font Info:    ... okay on input line 4.
LaTeX Font Info:    Checking defaults for OT1/cmr/m/n on input line 4.
LaTeX Font Info:    ... okay on input line 4.
LaTeX Font Info:    Checking defaults for T1/cmr/m/n on input line 4.
LaTeX Font Info:    ... okay on input line 4.
LaTeX Font Info:    Checking defaults for TS1/cmr/m/n on input line 4.
LaTeX Font Info:    ... okay on input line 4.
LaTeX Font Info:    Checking defaults for OMX/cmex/m/n on input line 4.
LaTeX Font Info:    ... okay on input line 4.
LaTeX Font Info:    Checking defaults for U/cmr/m/n on input line 4.
LaTeX Font Info:    ... okay on input line 4.
LaTeX Font Info:    Trying to load font information for T1+aer on input line 4.


("C:\Users\PERCI\AppData\Local\Programs\MiKTeX 2.9\tex/latex/ae\t1aer.fd"
File: t1aer.fd 1997/11/16 Font definitions for T1/aer.
)
("C:\Users\PERCI\AppData\Local\Programs\MiKTeX 2.9\tex/context/base/mkii\supp-p
df.mkii"
[Loading MPS to PDF converter (version 2006.09.02).]
\scratchcounter=\count179
\scratchdimen=\dimen137
\scratchbox=\box47
\nofMPsegments=\count180
\nofMParguments=\count181
\everyMPshowfont=\toks16
\MPscratchCnt=\count182
\MPscratchDim=\dimen138
\MPnumerator=\count183
\makeMPintoPDFobject=\count184
\everyMPtoPDFconversion=\toks17
)
("C:\Users\PERCI\AppData\Local\Programs\MiKTeX 2.9\tex/latex/epstopdf-pkg\epsto
pdf-base.sty"
Package: epstopdf-base 2020-01-24 v2.11 Base part for package epstopdf

("C:\Users\PERCI\AppData\Local\Programs\MiKTeX 2.9\tex/generic/infwarerr\infwar
err.sty"
Package: infwarerr 2019/12/03 v1.5 Providing info/warning/error messages (HO)
)
("C:\Users\PERCI\AppData\Local\Programs\MiKTeX 2.9\tex/latex/grfext\grfext.sty"
Package: grfext 2019/12/03 v1.3 Manage graphics extensions (HO)

("C:\Users\PERCI\AppData\Local\Programs\MiKTeX 2.9\tex/generic/kvdefinekeys\kvd
efinekeys.sty"
Package: kvdefinekeys 2019-12-19 v1.6 Define keys (HO)
))
("C:\Users\PERCI\AppData\Local\Programs\MiKTeX 2.9\tex/latex/kvoptions\kvoption
s.sty"
Package: kvoptions 2019/11/29 v3.13 Key value format for package options (HO)

("C:\Users\PERCI\AppData\Local\Programs\MiKTeX 2.9\tex/generic/ltxcmds\ltxcmds.
sty"
Package: ltxcmds 2019/12/15 v1.24 LaTeX kernel commands for general use (HO)
)
("C:\Users\PERCI\AppData\Local\Programs\MiKTeX 2.9\tex/generic/kvsetkeys\kvsetk
eys.sty"
Package: kvsetkeys 2019/12/15 v1.18 Key value parser (HO)
))
("C:\Users\PERCI\AppData\Local\Programs\MiKTeX 2.9\tex/generic/pdftexcmds\pdfte
xcmds.sty"
Package: pdftexcmds 2020-06-27 v0.33 Utility functions of pdfTeX for LuaTeX (HO
)

("C:\Users\PERCI\AppData\Local\Programs\MiKTeX 2.9\tex/generic/iftex\iftex.sty"
Package: iftex 2020/03/06 v1.0d TeX engine tests
)
Package pdftexcmds Info: \pdf@primitive is available.
Package pdftexcmds Info: \pdf@ifprimitive is available.
Package pdftexcmds Info: \pdfdraftmode found.
)
Package epstopdf-base Info: Redefining graphics rule for `.eps' on input line 4
85.
Package grfext Info: Graphics extension search list:
(grfext)             [.pdf,.png,.jpg,.mps,.jpeg,.jbig2,.jb2,.PDF,.PNG,.JPG,.JPE
G,.JBIG2,.JB2,.eps]
(grfext)             \AppendGraphicsExtensions on input line 504.
) (seguimientov3-concordance.tex)
LaTeX Font Info:    External font `cmex10' loaded for size
(Font)              <12> on input line 9.
LaTeX Font Info:    External font `cmex10' loaded for size
(Font)              <8> on input line 9.
LaTeX Font Info:    External font `cmex10' loaded for size
(Font)              <6> on input line 9.

Overfull \hbox (54.58937pt too wide) in paragraph at lines 11--12
\T1/aer/m/n/9 RStu-dio. Pueden en-con-trar el codigo en https://github.com/Hern
anPerci/PROMSACE 
 []

(seguimientov3.toc
LaTeX Font Info:    External font `cmex10' loaded for size
(Font)              <7> on input line 4.
LaTeX Font Info:    External font `cmex10' loaded for size
(Font)              <5> on input line 4.

Overfull \hbox (1.0267pt too wide) in paragraph at lines 5--5
 [][] []\T1/aer/m/n/10 Cantidad de en-cues-tas com-ple-tas e in-com-ple-tas por
 fecha y organo 
 []


Overfull \hbox (1.80635pt too wide) in paragraph at lines 7--7
 [][] []\T1/aer/m/n/10 Cantidad de en-cues-tas com-ple-tas e in-com-ple-tas por
 fecha y tiempo 
 []

[1

{C:/Users/PERCI/AppData/Local/MiKTeX/2.9/pdftex/config/pdftex.map}]
Overfull \hbox (1.0267pt too wide) in paragraph at lines 35--35
 [][] []\T1/aer/m/n/10 Cantidad de en-cues-tas com-ple-tas e in-com-ple-tas por
 fecha y organo 
 []


Overfull \hbox (1.80635pt too wide) in paragraph at lines 37--37
 [][] []\T1/aer/m/n/10 Cantidad de en-cues-tas com-ple-tas e in-com-ple-tas por
 fecha y tiempo 
 []

[2]
Overfull \hbox (1.0267pt too wide) in paragraph at lines 65--65
 [][] []\T1/aer/m/n/10 Cantidad de en-cues-tas com-ple-tas e in-com-ple-tas por
 fecha y organo 
 []


Overfull \hbox (1.80635pt too wide) in paragraph at lines 67--67
 [][] []\T1/aer/m/n/10 Cantidad de en-cues-tas com-ple-tas e in-com-ple-tas por
 fecha y tiempo 
 []

[3])
\tf@toc=\write4
\openout4 = `seguimientov3.toc'.

 [4]
LaTeX Font Info:    Trying to load font information for T1+aett on input line 2
3.

("C:\Users\PERCI\AppData\Local\Programs\MiKTeX 2.9\tex/latex/ae\t1aett.fd"
File: t1aett.fd 1997/11/16 Font definitions for T1/aett.
)
Package textcomp Info: Symbol \textasciigrave not provided by
(textcomp)             font family aett in TS1 encoding.
(textcomp)             Default family used instead on input line 29.
LaTeX Font Info:    Trying to load font information for T1+cmtt on input line 2
9.

("C:\Users\PERCI\AppData\Local\Programs\MiKTeX 2.9\tex/latex/base\t1cmtt.fd"
File: t1cmtt.fd 2019/12/16 v2.5j Standard LaTeX font definitions
)
LaTeX Font Info:    Trying to load font information for TS1+cmtt on input line 
29.

("C:\Users\PERCI\AppData\Local\Programs\MiKTeX 2.9\tex/latex/base\ts1cmtt.fd"
File: ts1cmtt.fd 2019/12/16 v2.5j Standard LaTeX font definitions
)
Package textcomp Info: Symbol \textasciigrave not provided by
(textcomp)             font family aett in TS1 encoding.
(textcomp)             Default family used instead on input line 29.
Package textcomp Info: Symbol \textasciigrave not provided by
(textcomp)             font family aett in TS1 encoding.
(textcomp)             Default family used instead on input line 31.
Package textcomp Info: Symbol \textasciigrave not provided by
(textcomp)             font family aett in TS1 encoding.
(textcomp)             Default family used instead on input line 31.
Package textcomp Info: Symbol \textasciigrave not provided by
(textcomp)             font family aett in TS1 encoding.
(textcomp)             Default family used instead on input line 33.
Package textcomp Info: Symbol \textasciigrave not provided by
(textcomp)             font family aett in TS1 encoding.
(textcomp)             Default family used instead on input line 33.
Package textcomp Info: Symbol \textasciigrave not provided by
(textcomp)             font family aett in TS1 encoding.
(textcomp)             Default family used instead on input line 34.
Package textcomp Info: Symbol \textasciigrave not provided by
(textcomp)             font family aett in TS1 encoding.
(textcomp)             Default family used instead on input line 34.
Package textcomp Info: Symbol \textasciigrave not provided by
(textcomp)             font family aett in TS1 encoding.
(textcomp)             Default family used instead on input line 35.
Package textcomp Info: Symbol \textasciigrave not provided by
(textcomp)             font family aett in TS1 encoding.
(textcomp)             Default family used instead on input line 35.
<seguimientov3-003.pdf, id=20, 433.62pt x 433.62pt>
File: seguimientov3-003.pdf Graphic file (type pdf)
<use seguimientov3-003.pdf>
Package pdftex.def Info: seguimientov3-003.pdf  used on input line 43.
(pdftex.def)             Requested size: 276.00105pt x 276.0139pt.

[5]
<seguimientov3-004.pdf, id=26, 433.62pt x 433.62pt>
File: seguimientov3-004.pdf Graphic file (type pdf)
<use seguimientov3-004.pdf>
Package pdftex.def Info: seguimientov3-004.pdf  used on input line 49.
(pdftex.def)             Requested size: 276.00105pt x 276.0139pt.
 [6 <./seguimientov3-003.pdf>]
<seguimientov3-005.pdf, id=39, 433.62pt x 433.62pt>
File: seguimientov3-005.pdf Graphic file (type pdf)
<use seguimientov3-005.pdf>
Package pdftex.def Info: seguimientov3-005.pdf  used on input line 55.
(pdftex.def)             Requested size: 276.00105pt x 276.0139pt.
 [7 <./seguimientov3-004.pdf>]
<seguimientov3-006.pdf, id=53, 433.62pt x 433.62pt>
File: seguimientov3-006.pdf Graphic file (type pdf)
<use seguimientov3-006.pdf>
Package pdftex.def Info: seguimientov3-006.pdf  used on input line 61.
(pdftex.def)             Requested size: 276.00105pt x 276.0139pt.
 [8 <./seguimientov3-005.pdf>]
<seguimientov3-007.pdf, id=66, 433.62pt x 433.62pt>
File: seguimientov3-007.pdf Graphic file (type pdf)
<use seguimientov3-007.pdf>
Package pdftex.def Info: seguimientov3-007.pdf  used on input line 67.
(pdftex.def)             Requested size: 276.00105pt x 276.0139pt.
 [9 <./seguimientov3-006.pdf>]
<seguimientov3-008.pdf, id=79, 433.62pt x 433.62pt>
File: seguimientov3-008.pdf Graphic file (type pdf)
<use seguimientov3-008.pdf>
Package pdftex.def Info: seguimientov3-008.pdf  used on input line 73.
(pdftex.def)             Requested size: 276.00105pt x 276.0139pt.
 [10 <./seguimientov3-007.pdf>]
<seguimientov3-009.pdf, id=92, 433.62pt x 433.62pt>
File: seguimientov3-009.pdf Graphic file (type pdf)
<use seguimientov3-009.pdf>
Package pdftex.def Info: seguimientov3-009.pdf  used on input line 79.
(pdftex.def)             Requested size: 276.00105pt x 276.0139pt.

[11 <./seguimientov3-008.pdf>]
<seguimientov3-010.pdf, id=105, 433.62pt x 433.62pt>
File: seguimientov3-010.pdf Graphic file (type pdf)
<use seguimientov3-010.pdf>
Package pdftex.def Info: seguimientov3-010.pdf  used on input line 85.
(pdftex.def)             Requested size: 276.00105pt x 276.0139pt.
 [12 <./seguimientov3-009.pdf>]
<seguimientov3-011.pdf, id=118, 433.62pt x 433.62pt>
File: seguimientov3-011.pdf Graphic file (type pdf)
<use seguimientov3-011.pdf>
Package pdftex.def Info: seguimientov3-011.pdf  used on input line 91.
(pdftex.def)             Requested size: 276.00105pt x 276.0139pt.
 [13 <./seguimientov3-010.pdf>]
<seguimientov3-012.pdf, id=132, 433.62pt x 433.62pt>
File: seguimientov3-012.pdf Graphic file (type pdf)
<use seguimientov3-012.pdf>
Package pdftex.def Info: seguimientov3-012.pdf  used on input line 97.
(pdftex.def)             Requested size: 276.00105pt x 276.0139pt.
 [14 <./seguimientov3-011.pdf>]
<seguimientov3-013.pdf, id=145, 433.62pt x 433.62pt>
File: seguimientov3-013.pdf Graphic file (type pdf)
<use seguimientov3-013.pdf>
Package pdftex.def Info: seguimientov3-013.pdf  used on input line 103.
(pdftex.def)             Requested size: 276.00105pt x 276.0139pt.
 [15 <./seguimientov3-012.pdf>]
<seguimientov3-014.pdf, id=158, 433.62pt x 433.62pt>
File: seguimientov3-014.pdf Graphic file (type pdf)
<use seguimientov3-014.pdf>
Package pdftex.def Info: seguimientov3-014.pdf  used on input line 109.
(pdftex.def)             Requested size: 276.00105pt x 276.0139pt.

[16 <./seguimientov3-013.pdf>]
<seguimientov3-015.pdf, id=171, 433.62pt x 433.62pt>
File: seguimientov3-015.pdf Graphic file (type pdf)
<use seguimientov3-015.pdf>
Package pdftex.def Info: seguimientov3-015.pdf  used on input line 115.
(pdftex.def)             Requested size: 276.00105pt x 276.0139pt.
 [17 <./seguimientov3-014.pdf>]
<seguimientov3-016.pdf, id=184, 433.62pt x 433.62pt>
File: seguimientov3-016.pdf Graphic file (type pdf)
<use seguimientov3-016.pdf>
Package pdftex.def Info: seguimientov3-016.pdf  used on input line 121.
(pdftex.def)             Requested size: 276.00105pt x 276.0139pt.
 [18 <./seguimientov3-015.pdf>]
<seguimientov3-017.pdf, id=197, 433.62pt x 433.62pt>
File: seguimientov3-017.pdf Graphic file (type pdf)
<use seguimientov3-017.pdf>
Package pdftex.def Info: seguimientov3-017.pdf  used on input line 127.
(pdftex.def)             Requested size: 276.00105pt x 276.0139pt.
 [19 <./seguimientov3-016.pdf>]
<seguimientov3-018.pdf, id=211, 433.62pt x 433.62pt>
File: seguimientov3-018.pdf Graphic file (type pdf)
<use seguimientov3-018.pdf>
Package pdftex.def Info: seguimientov3-018.pdf  used on input line 133.
(pdftex.def)             Requested size: 276.00105pt x 276.0139pt.
 [20 <./seguimientov3-017.pdf>]
<seguimientov3-019.pdf, id=224, 433.62pt x 433.62pt>
File: seguimientov3-019.pdf Graphic file (type pdf)
<use seguimientov3-019.pdf>
Package pdftex.def Info: seguimientov3-019.pdf  used on input line 139.
(pdftex.def)             Requested size: 276.00105pt x 276.0139pt.

[21 <./seguimientov3-018.pdf>]
<seguimientov3-020.pdf, id=237, 433.62pt x 433.62pt>
File: seguimientov3-020.pdf Graphic file (type pdf)
<use seguimientov3-020.pdf>
Package pdftex.def Info: seguimientov3-020.pdf  used on input line 145.
(pdftex.def)             Requested size: 276.00105pt x 276.0139pt.
 [22 <./seguimientov3-019.pdf>]
<seguimientov3-021.pdf, id=250, 433.62pt x 433.62pt>
File: seguimientov3-021.pdf Graphic file (type pdf)
<use seguimientov3-021.pdf>
Package pdftex.def Info: seguimientov3-021.pdf  used on input line 151.
(pdftex.def)             Requested size: 276.00105pt x 276.0139pt.
 [23 <./seguimientov3-020.pdf>]
<seguimientov3-022.pdf, id=263, 433.62pt x 433.62pt>
File: seguimientov3-022.pdf Graphic file (type pdf)
<use seguimientov3-022.pdf>
Package pdftex.def Info: seguimientov3-022.pdf  used on input line 157.
(pdftex.def)             Requested size: 276.00105pt x 276.0139pt.
 [24 <./seguimientov3-021.pdf>]
<seguimientov3-023.pdf, id=276, 433.62pt x 433.62pt>
File: seguimientov3-023.pdf Graphic file (type pdf)
<use seguimientov3-023.pdf>
Package pdftex.def Info: seguimientov3-023.pdf  used on input line 163.
(pdftex.def)             Requested size: 276.00105pt x 276.0139pt.
 [25 <./seguimientov3-022.pdf>]
<seguimientov3-024.pdf, id=290, 433.62pt x 433.62pt>
File: seguimientov3-024.pdf Graphic file (type pdf)
<use seguimientov3-024.pdf>
Package pdftex.def Info: seguimientov3-024.pdf  used on input line 169.
(pdftex.def)             Requested size: 276.00105pt x 276.0139pt.

[26 <./seguimientov3-023.pdf>]
<seguimientov3-025.pdf, id=303, 433.62pt x 433.62pt>
File: seguimientov3-025.pdf Graphic file (type pdf)
<use seguimientov3-025.pdf>
Package pdftex.def Info: seguimientov3-025.pdf  used on input line 175.
(pdftex.def)             Requested size: 276.00105pt x 276.0139pt.
 [27 <./seguimientov3-024.pdf>]
<seguimientov3-026.pdf, id=316, 433.62pt x 433.62pt>
File: seguimientov3-026.pdf Graphic file (type pdf)
<use seguimientov3-026.pdf>
Package pdftex.def Info: seguimientov3-026.pdf  used on input line 181.
(pdftex.def)             Requested size: 276.00105pt x 276.0139pt.
 [28 <./seguimientov3-025.pdf>]
<seguimientov3-027.pdf, id=329, 433.62pt x 433.62pt>
File: seguimientov3-027.pdf Graphic file (type pdf)
<use seguimientov3-027.pdf>
Package pdftex.def Info: seguimientov3-027.pdf  used on input line 187.
(pdftex.def)             Requested size: 276.00105pt x 276.0139pt.
 [29 <./seguimientov3-026.pdf>]
<seguimientov3-028.pdf, id=342, 433.62pt x 433.62pt>
File: seguimientov3-028.pdf Graphic file (type pdf)
<use seguimientov3-028.pdf>
Package pdftex.def Info: seguimientov3-028.pdf  used on input line 193.
(pdftex.def)             Requested size: 276.00105pt x 276.0139pt.
 [30 <./seguimientov3-027.pdf>]
<seguimientov3-029.pdf, id=355, 433.62pt x 433.62pt>
File: seguimientov3-029.pdf Graphic file (type pdf)
<use seguimientov3-029.pdf>
Package pdftex.def Info: seguimientov3-029.pdf  used on input line 199.
(pdftex.def)             Requested size: 276.00105pt x 276.0139pt.

[31 <./seguimientov3-028.pdf>]
<seguimientov3-030.pdf, id=369, 433.62pt x 433.62pt>
File: seguimientov3-030.pdf Graphic file (type pdf)
<use seguimientov3-030.pdf>
Package pdftex.def Info: seguimientov3-030.pdf  used on input line 205.
(pdftex.def)             Requested size: 276.00105pt x 276.0139pt.
 [32 <./seguimientov3-029.pdf>]
<seguimientov3-031.pdf, id=382, 433.62pt x 433.62pt>
File: seguimientov3-031.pdf Graphic file (type pdf)
<use seguimientov3-031.pdf>
Package pdftex.def Info: seguimientov3-031.pdf  used on input line 211.
(pdftex.def)             Requested size: 276.00105pt x 276.0139pt.
 [33 <./seguimientov3-030.pdf>]
Package textcomp Info: Symbol \textasciigrave not provided by
(textcomp)             font family aett in TS1 encoding.
(textcomp)             Default family used instead on input line 233.
Package textcomp Info: Symbol \textasciigrave not provided by
(textcomp)             font family aett in TS1 encoding.
(textcomp)             Default family used instead on input line 233.
Package textcomp Info: Symbol \textasciigrave not provided by
(textcomp)             font family aett in TS1 encoding.
(textcomp)             Default family used instead on input line 235.
Package textcomp Info: Symbol \textasciigrave not provided by
(textcomp)             font family aett in TS1 encoding.
(textcomp)             Default family used instead on input line 235.
Package textcomp Info: Symbol \textasciigrave not provided by
(textcomp)             font family aett in TS1 encoding.
(textcomp)             Default family used instead on input line 237.
Package textcomp Info: Symbol \textasciigrave not provided by
(textcomp)             font family aett in TS1 encoding.
(textcomp)             Default family used instead on input line 237.
 [34 <./seguimientov3-031.pdf>]
Package textcomp Info: Symbol \textasciigrave not provided by
(textcomp)             font family aett in TS1 encoding.
(textcomp)             Default family used instead on input line 238.
Package textcomp Info: Symbol \textasciigrave not provided by
(textcomp)             font family aett in TS1 encoding.
(textcomp)             Default family used instead on input line 238.
Package textcomp Info: Symbol \textasciigrave not provided by
(textcomp)             font family aett in TS1 encoding.
(textcomp)             Default family used instead on input line 239.
Package textcomp Info: Symbol \textasciigrave not provided by
(textcomp)             font family aett in TS1 encoding.
(textcomp)             Default family used instead on input line 239.
<seguimientov3-034.pdf, id=408, 433.62pt x 433.62pt>
File: seguimientov3-034.pdf Graphic file (type pdf)
<use seguimientov3-034.pdf>
Package pdftex.def Info: seguimientov3-034.pdf  used on input line 246.
(pdftex.def)             Requested size: 276.00105pt x 276.0139pt.
<seguimientov3-035.pdf, id=409, 433.62pt x 433.62pt>
File: seguimientov3-035.pdf Graphic file (type pdf)
<use seguimientov3-035.pdf>
Package pdftex.def Info: seguimientov3-035.pdf  used on input line 252.
(pdftex.def)             Requested size: 276.00105pt x 276.0139pt.
 [35 <./seguimientov3-034.pdf>]
<seguimientov3-036.pdf, id=422, 433.62pt x 433.62pt>
File: seguimientov3-036.pdf Graphic file (type pdf)
<use seguimientov3-036.pdf>
Package pdftex.def Info: seguimientov3-036.pdf  used on input line 258.
(pdftex.def)             Requested size: 276.00105pt x 276.0139pt.

[36 <./seguimientov3-035.pdf>]
<seguimientov3-037.pdf, id=435, 433.62pt x 433.62pt>
File: seguimientov3-037.pdf Graphic file (type pdf)
<use seguimientov3-037.pdf>
Package pdftex.def Info: seguimientov3-037.pdf  used on input line 264.
(pdftex.def)             Requested size: 276.00105pt x 276.0139pt.
 [37 <./seguimientov3-036.pdf>]
<seguimientov3-038.pdf, id=449, 433.62pt x 433.62pt>
File: seguimientov3-038.pdf Graphic file (type pdf)
<use seguimientov3-038.pdf>
Package pdftex.def Info: seguimientov3-038.pdf  used on input line 270.
(pdftex.def)             Requested size: 276.00105pt x 276.0139pt.
 [38 <./seguimientov3-037.pdf>]
<seguimientov3-039.pdf, id=462, 433.62pt x 433.62pt>
File: seguimientov3-039.pdf Graphic file (type pdf)
<use seguimientov3-039.pdf>
Package pdftex.def Info: seguimientov3-039.pdf  used on input line 276.
(pdftex.def)             Requested size: 276.00105pt x 276.0139pt.
 [39 <./seguimientov3-038.pdf>]
<seguimientov3-040.pdf, id=475, 433.62pt x 433.62pt>
File: seguimientov3-040.pdf Graphic file (type pdf)
<use seguimientov3-040.pdf>
Package pdftex.def Info: seguimientov3-040.pdf  used on input line 282.
(pdftex.def)             Requested size: 276.00105pt x 276.0139pt.
 [40 <./seguimientov3-039.pdf>]
<seguimientov3-041.pdf, id=488, 433.62pt x 433.62pt>
File: seguimientov3-041.pdf Graphic file (type pdf)
<use seguimientov3-041.pdf>
Package pdftex.def Info: seguimientov3-041.pdf  used on input line 288.
(pdftex.def)             Requested size: 276.00105pt x 276.0139pt.

[41 <./seguimientov3-040.pdf>]
<seguimientov3-042.pdf, id=501, 433.62pt x 433.62pt>
File: seguimientov3-042.pdf Graphic file (type pdf)
<use seguimientov3-042.pdf>
Package pdftex.def Info: seguimientov3-042.pdf  used on input line 294.
(pdftex.def)             Requested size: 276.00105pt x 276.0139pt.
 [42 <./seguimientov3-041.pdf>]
<seguimientov3-043.pdf, id=514, 433.62pt x 433.62pt>
File: seguimientov3-043.pdf Graphic file (type pdf)
<use seguimientov3-043.pdf>
Package pdftex.def Info: seguimientov3-043.pdf  used on input line 300.
(pdftex.def)             Requested size: 276.00105pt x 276.0139pt.
 [43 <./seguimientov3-042.pdf>]
<seguimientov3-044.pdf, id=528, 433.62pt x 433.62pt>
File: seguimientov3-044.pdf Graphic file (type pdf)
<use seguimientov3-044.pdf>
Package pdftex.def Info: seguimientov3-044.pdf  used on input line 306.
(pdftex.def)             Requested size: 276.00105pt x 276.0139pt.
 [44 <./seguimientov3-043.pdf>]
<seguimientov3-045.pdf, id=541, 433.62pt x 433.62pt>
File: seguimientov3-045.pdf Graphic file (type pdf)
<use seguimientov3-045.pdf>
Package pdftex.def Info: seguimientov3-045.pdf  used on input line 312.
(pdftex.def)             Requested size: 276.00105pt x 276.0139pt.
 [45 <./seguimientov3-044.pdf>]
<seguimientov3-046.pdf, id=554, 433.62pt x 433.62pt>
File: seguimientov3-046.pdf Graphic file (type pdf)
<use seguimientov3-046.pdf>
Package pdftex.def Info: seguimientov3-046.pdf  used on input line 318.
(pdftex.def)             Requested size: 276.00105pt x 276.0139pt.

[46 <./seguimientov3-045.pdf>]
<seguimientov3-047.pdf, id=567, 433.62pt x 433.62pt>
File: seguimientov3-047.pdf Graphic file (type pdf)
<use seguimientov3-047.pdf>
Package pdftex.def Info: seguimientov3-047.pdf  used on input line 324.
(pdftex.def)             Requested size: 276.00105pt x 276.0139pt.
 [47 <./seguimientov3-046.pdf>]
<seguimientov3-048.pdf, id=580, 433.62pt x 433.62pt>
File: seguimientov3-048.pdf Graphic file (type pdf)
<use seguimientov3-048.pdf>
Package pdftex.def Info: seguimientov3-048.pdf  used on input line 330.
(pdftex.def)             Requested size: 276.00105pt x 276.0139pt.
 [48 <./seguimientov3-047.pdf>]
<seguimientov3-049.pdf, id=593, 433.62pt x 433.62pt>
File: seguimientov3-049.pdf Graphic file (type pdf)
<use seguimientov3-049.pdf>
Package pdftex.def Info: seguimientov3-049.pdf  used on input line 336.
(pdftex.def)             Requested size: 276.00105pt x 276.0139pt.
 [49 <./seguimientov3-048.pdf>]
<seguimientov3-050.pdf, id=607, 433.62pt x 433.62pt>
File: seguimientov3-050.pdf Graphic file (type pdf)
<use seguimientov3-050.pdf>
Package pdftex.def Info: seguimientov3-050.pdf  used on input line 342.
(pdftex.def)             Requested size: 276.00105pt x 276.0139pt.
 [50 <./seguimientov3-049.pdf>]
<seguimientov3-051.pdf, id=620, 433.62pt x 433.62pt>
File: seguimientov3-051.pdf Graphic file (type pdf)
<use seguimientov3-051.pdf>
Package pdftex.def Info: seguimientov3-051.pdf  used on input line 348.
(pdftex.def)             Requested size: 276.00105pt x 276.0139pt.

[51 <./seguimientov3-050.pdf>]
<seguimientov3-052.pdf, id=633, 433.62pt x 433.62pt>
File: seguimientov3-052.pdf Graphic file (type pdf)
<use seguimientov3-052.pdf>
Package pdftex.def Info: seguimientov3-052.pdf  used on input line 354.
(pdftex.def)             Requested size: 276.00105pt x 276.0139pt.
 [52 <./seguimientov3-051.pdf>]
<seguimientov3-053.pdf, id=646, 433.62pt x 433.62pt>
File: seguimientov3-053.pdf Graphic file (type pdf)
<use seguimientov3-053.pdf>
Package pdftex.def Info: seguimientov3-053.pdf  used on input line 360.
(pdftex.def)             Requested size: 276.00105pt x 276.0139pt.
 [53 <./seguimientov3-052.pdf>]
<seguimientov3-054.pdf, id=659, 433.62pt x 433.62pt>
File: seguimientov3-054.pdf Graphic file (type pdf)
<use seguimientov3-054.pdf>
Package pdftex.def Info: seguimientov3-054.pdf  used on input line 366.
(pdftex.def)             Requested size: 276.00105pt x 276.0139pt.
 [54 <./seguimientov3-053.pdf>]
<seguimientov3-055.pdf, id=672, 433.62pt x 433.62pt>
File: seguimientov3-055.pdf Graphic file (type pdf)
<use seguimientov3-055.pdf>
Package pdftex.def Info: seguimientov3-055.pdf  used on input line 372.
(pdftex.def)             Requested size: 276.00105pt x 276.0139pt.
 [55 <./seguimientov3-054.pdf>]
<seguimientov3-056.pdf, id=686, 433.62pt x 433.62pt>
File: seguimientov3-056.pdf Graphic file (type pdf)
<use seguimientov3-056.pdf>
Package pdftex.def Info: seguimientov3-056.pdf  used on input line 378.
(pdftex.def)             Requested size: 276.00105pt x 276.0139pt.

[56 <./seguimientov3-055.pdf>]
<seguimientov3-057.pdf, id=699, 433.62pt x 433.62pt>
File: seguimientov3-057.pdf Graphic file (type pdf)
<use seguimientov3-057.pdf>
Package pdftex.def Info: seguimientov3-057.pdf  used on input line 384.
(pdftex.def)             Requested size: 276.00105pt x 276.0139pt.
 [57 <./seguimientov3-056.pdf>]
<seguimientov3-058.pdf, id=712, 433.62pt x 433.62pt>
File: seguimientov3-058.pdf Graphic file (type pdf)
<use seguimientov3-058.pdf>
Package pdftex.def Info: seguimientov3-058.pdf  used on input line 390.
(pdftex.def)             Requested size: 276.00105pt x 276.0139pt.
 [58 <./seguimientov3-057.pdf>]
<seguimientov3-059.pdf, id=725, 433.62pt x 433.62pt>
File: seguimientov3-059.pdf Graphic file (type pdf)
<use seguimientov3-059.pdf>
Package pdftex.def Info: seguimientov3-059.pdf  used on input line 396.
(pdftex.def)             Requested size: 276.00105pt x 276.0139pt.
 [59 <./seguimientov3-058.pdf>]
<seguimientov3-060.pdf, id=738, 433.62pt x 433.62pt>
File: seguimientov3-060.pdf Graphic file (type pdf)
<use seguimientov3-060.pdf>
Package pdftex.def Info: seguimientov3-060.pdf  used on input line 402.
(pdftex.def)             Requested size: 276.00105pt x 276.0139pt.
 [60 <./seguimientov3-059.pdf>]
<seguimientov3-061.pdf, id=751, 433.62pt x 433.62pt>
File: seguimientov3-061.pdf Graphic file (type pdf)
<use seguimientov3-061.pdf>
Package pdftex.def Info: seguimientov3-061.pdf  used on input line 408.
(pdftex.def)             Requested size: 276.00105pt x 276.0139pt.

[61 <./seguimientov3-060.pdf>]
<seguimientov3-062.pdf, id=765, 433.62pt x 433.62pt>
File: seguimientov3-062.pdf Graphic file (type pdf)
<use seguimientov3-062.pdf>
Package pdftex.def Info: seguimientov3-062.pdf  used on input line 414.
(pdftex.def)             Requested size: 276.00105pt x 276.0139pt.
 [62 <./seguimientov3-061.pdf>]
Package textcomp Info: Symbol \textasciigrave not provided by
(textcomp)             font family aett in TS1 encoding.
(textcomp)             Default family used instead on input line 436.
Package textcomp Info: Symbol \textasciigrave not provided by
(textcomp)             font family aett in TS1 encoding.
(textcomp)             Default family used instead on input line 436.
Package textcomp Info: Symbol \textasciigrave not provided by
(textcomp)             font family aett in TS1 encoding.
(textcomp)             Default family used instead on input line 438.
Package textcomp Info: Symbol \textasciigrave not provided by
(textcomp)             font family aett in TS1 encoding.
(textcomp)             Default family used instead on input line 438.
Package textcomp Info: Symbol \textasciigrave not provided by
(textcomp)             font family aett in TS1 encoding.
(textcomp)             Default family used instead on input line 440.
Package textcomp Info: Symbol \textasciigrave not provided by
(textcomp)             font family aett in TS1 encoding.
(textcomp)             Default family used instead on input line 440.
 [63 <./seguimientov3-062.pdf>]
Package textcomp Info: Symbol \textasciigrave not provided by
(textcomp)             font family aett in TS1 encoding.
(textcomp)             Default family used instead on input line 441.
Package textcomp Info: Symbol \textasciigrave not provided by
(textcomp)             font family aett in TS1 encoding.
(textcomp)             Default family used instead on input line 441.
Package textcomp Info: Symbol \textasciigrave not provided by
(textcomp)             font family aett in TS1 encoding.
(textcomp)             Default family used instead on input line 442.
Package textcomp Info: Symbol \textasciigrave not provided by
(textcomp)             font family aett in TS1 encoding.
(textcomp)             Default family used instead on input line 442.
<seguimientov3-065.pdf, id=790, 433.62pt x 433.62pt>
File: seguimientov3-065.pdf Graphic file (type pdf)
<use seguimientov3-065.pdf>
Package pdftex.def Info: seguimientov3-065.pdf  used on input line 449.
(pdftex.def)             Requested size: 276.00105pt x 276.0139pt.
<seguimientov3-066.pdf, id=791, 433.62pt x 433.62pt>
File: seguimientov3-066.pdf Graphic file (type pdf)
<use seguimientov3-066.pdf>
Package pdftex.def Info: seguimientov3-066.pdf  used on input line 455.
(pdftex.def)             Requested size: 276.00105pt x 276.0139pt.
 [64 <./seguimientov3-065.pdf>]
<seguimientov3-067.pdf, id=804, 433.62pt x 433.62pt>
File: seguimientov3-067.pdf Graphic file (type pdf)
<use seguimientov3-067.pdf>
Package pdftex.def Info: seguimientov3-067.pdf  used on input line 461.
(pdftex.def)             Requested size: 276.00105pt x 276.0139pt.
 [65 <./seguimientov3-066.pdf>]
<seguimientov3-068.pdf, id=817, 433.62pt x 433.62pt>
File: seguimientov3-068.pdf Graphic file (type pdf)
<use seguimientov3-068.pdf>
Package pdftex.def Info: seguimientov3-068.pdf  used on input line 467.
(pdftex.def)             Requested size: 276.00105pt x 276.0139pt.

[66 <./seguimientov3-067.pdf>]
<seguimientov3-069.pdf, id=830, 433.62pt x 433.62pt>
File: seguimientov3-069.pdf Graphic file (type pdf)
<use seguimientov3-069.pdf>
Package pdftex.def Info: seguimientov3-069.pdf  used on input line 473.
(pdftex.def)             Requested size: 276.00105pt x 276.0139pt.
 [67 <./seguimientov3-068.pdf>]
<seguimientov3-070.pdf, id=844, 433.62pt x 433.62pt>
File: seguimientov3-070.pdf Graphic file (type pdf)
<use seguimientov3-070.pdf>
Package pdftex.def Info: seguimientov3-070.pdf  used on input line 479.
(pdftex.def)             Requested size: 276.00105pt x 276.0139pt.
 [68 <./seguimientov3-069.pdf>]
<seguimientov3-071.pdf, id=857, 433.62pt x 433.62pt>
File: seguimientov3-071.pdf Graphic file (type pdf)
<use seguimientov3-071.pdf>
Package pdftex.def Info: seguimientov3-071.pdf  used on input line 485.
(pdftex.def)             Requested size: 276.00105pt x 276.0139pt.
 [69 <./seguimientov3-070.pdf>]
<seguimientov3-072.pdf, id=870, 433.62pt x 433.62pt>
File: seguimientov3-072.pdf Graphic file (type pdf)
<use seguimientov3-072.pdf>
Package pdftex.def Info: seguimientov3-072.pdf  used on input line 491.
(pdftex.def)             Requested size: 276.00105pt x 276.0139pt.
 [70 <./seguimientov3-071.pdf>]
<seguimientov3-073.pdf, id=883, 433.62pt x 433.62pt>
File: seguimientov3-073.pdf Graphic file (type pdf)
<use seguimientov3-073.pdf>
Package pdftex.def Info: seguimientov3-073.pdf  used on input line 497.
(pdftex.def)             Requested size: 276.00105pt x 276.0139pt.

[71 <./seguimientov3-072.pdf>]
<seguimientov3-074.pdf, id=896, 433.62pt x 433.62pt>
File: seguimientov3-074.pdf Graphic file (type pdf)
<use seguimientov3-074.pdf>
Package pdftex.def Info: seguimientov3-074.pdf  used on input line 503.
(pdftex.def)             Requested size: 276.00105pt x 276.0139pt.
 [72 <./seguimientov3-073.pdf>]
<seguimientov3-075.pdf, id=909, 433.62pt x 433.62pt>
File: seguimientov3-075.pdf Graphic file (type pdf)
<use seguimientov3-075.pdf>
Package pdftex.def Info: seguimientov3-075.pdf  used on input line 509.
(pdftex.def)             Requested size: 276.00105pt x 276.0139pt.
 [73 <./seguimientov3-074.pdf>]
<seguimientov3-076.pdf, id=923, 433.62pt x 433.62pt>
File: seguimientov3-076.pdf Graphic file (type pdf)
<use seguimientov3-076.pdf>
Package pdftex.def Info: seguimientov3-076.pdf  used on input line 515.
(pdftex.def)             Requested size: 276.00105pt x 276.0139pt.
 [74 <./seguimientov3-075.pdf>]
<seguimientov3-077.pdf, id=936, 433.62pt x 433.62pt>
File: seguimientov3-077.pdf Graphic file (type pdf)
<use seguimientov3-077.pdf>
Package pdftex.def Info: seguimientov3-077.pdf  used on input line 521.
(pdftex.def)             Requested size: 276.00105pt x 276.0139pt.
 [75 <./seguimientov3-076.pdf>]
<seguimientov3-078.pdf, id=949, 433.62pt x 433.62pt>
File: seguimientov3-078.pdf Graphic file (type pdf)
<use seguimientov3-078.pdf>
Package pdftex.def Info: seguimientov3-078.pdf  used on input line 527.
(pdftex.def)             Requested size: 276.00105pt x 276.0139pt.

[76 <./seguimientov3-077.pdf>]
<seguimientov3-079.pdf, id=962, 433.62pt x 433.62pt>
File: seguimientov3-079.pdf Graphic file (type pdf)
<use seguimientov3-079.pdf>
Package pdftex.def Info: seguimientov3-079.pdf  used on input line 533.
(pdftex.def)             Requested size: 276.00105pt x 276.0139pt.
 [77 <./seguimientov3-078.pdf>]
<seguimientov3-080.pdf, id=975, 433.62pt x 433.62pt>
File: seguimientov3-080.pdf Graphic file (type pdf)
<use seguimientov3-080.pdf>
Package pdftex.def Info: seguimientov3-080.pdf  used on input line 539.
(pdftex.def)             Requested size: 276.00105pt x 276.0139pt.
 [78 <./seguimientov3-079.pdf>]
<seguimientov3-081.pdf, id=988, 433.62pt x 433.62pt>
File: seguimientov3-081.pdf Graphic file (type pdf)
<use seguimientov3-081.pdf>
Package pdftex.def Info: seguimientov3-081.pdf  used on input line 545.
(pdftex.def)             Requested size: 276.00105pt x 276.0139pt.
 [79 <./seguimientov3-080.pdf>]
<seguimientov3-082.pdf, id=1002, 433.62pt x 433.62pt>
File: seguimientov3-082.pdf Graphic file (type pdf)
<use seguimientov3-082.pdf>
Package pdftex.def Info: seguimientov3-082.pdf  used on input line 551.
(pdftex.def)             Requested size: 276.00105pt x 276.0139pt.
 [80 <./seguimientov3-081.pdf>]
<seguimientov3-083.pdf, id=1015, 433.62pt x 433.62pt>
File: seguimientov3-083.pdf Graphic file (type pdf)
<use seguimientov3-083.pdf>
Package pdftex.def Info: seguimientov3-083.pdf  used on input line 557.
(pdftex.def)             Requested size: 276.00105pt x 276.0139pt.

[81 <./seguimientov3-082.pdf>]
<seguimientov3-084.pdf, id=1028, 433.62pt x 433.62pt>
File: seguimientov3-084.pdf Graphic file (type pdf)
<use seguimientov3-084.pdf>
Package pdftex.def Info: seguimientov3-084.pdf  used on input line 563.
(pdftex.def)             Requested size: 276.00105pt x 276.0139pt.
 [82 <./seguimientov3-083.pdf>]
<seguimientov3-085.pdf, id=1041, 433.62pt x 433.62pt>
File: seguimientov3-085.pdf Graphic file (type pdf)
<use seguimientov3-085.pdf>
Package pdftex.def Info: seguimientov3-085.pdf  used on input line 569.
(pdftex.def)             Requested size: 276.00105pt x 276.0139pt.
 [83 <./seguimientov3-084.pdf>]
<seguimientov3-086.pdf, id=1054, 433.62pt x 433.62pt>
File: seguimientov3-086.pdf Graphic file (type pdf)
<use seguimientov3-086.pdf>
Package pdftex.def Info: seguimientov3-086.pdf  used on input line 575.
(pdftex.def)             Requested size: 276.00105pt x 276.0139pt.
 [84 <./seguimientov3-085.pdf>]
<seguimientov3-087.pdf, id=1067, 433.62pt x 433.62pt>
File: seguimientov3-087.pdf Graphic file (type pdf)
<use seguimientov3-087.pdf>
Package pdftex.def Info: seguimientov3-087.pdf  used on input line 581.
(pdftex.def)             Requested size: 276.00105pt x 276.0139pt.
 [85 <./seguimientov3-086.pdf>]
<seguimientov3-088.pdf, id=1081, 433.62pt x 433.62pt>
File: seguimientov3-088.pdf Graphic file (type pdf)
<use seguimientov3-088.pdf>
Package pdftex.def Info: seguimientov3-088.pdf  used on input line 587.
(pdftex.def)             Requested size: 276.00105pt x 276.0139pt.

[86 <./seguimientov3-087.pdf>]
<seguimientov3-089.pdf, id=1094, 433.62pt x 433.62pt>
File: seguimientov3-089.pdf Graphic file (type pdf)
<use seguimientov3-089.pdf>
Package pdftex.def Info: seguimientov3-089.pdf  used on input line 593.
(pdftex.def)             Requested size: 276.00105pt x 276.0139pt.
 [87 <./seguimientov3-088.pdf>]
<seguimientov3-090.pdf, id=1107, 433.62pt x 433.62pt>
File: seguimientov3-090.pdf Graphic file (type pdf)
<use seguimientov3-090.pdf>
Package pdftex.def Info: seguimientov3-090.pdf  used on input line 599.
(pdftex.def)             Requested size: 276.00105pt x 276.0139pt.
 [88 <./seguimientov3-089.pdf>]
<seguimientov3-091.pdf, id=1120, 433.62pt x 433.62pt>
File: seguimientov3-091.pdf Graphic file (type pdf)
<use seguimientov3-091.pdf>
Package pdftex.def Info: seguimientov3-091.pdf  used on input line 605.
(pdftex.def)             Requested size: 276.00105pt x 276.0139pt.
 [89 <./seguimientov3-090.pdf>]
<seguimientov3-092.pdf, id=1133, 433.62pt x 433.62pt>
File: seguimientov3-092.pdf Graphic file (type pdf)
<use seguimientov3-092.pdf>
Package pdftex.def Info: seguimientov3-092.pdf  used on input line 611.
(pdftex.def)             Requested size: 276.00105pt x 276.0139pt.
 [90 <./seguimientov3-091.pdf>]
<seguimientov3-093.pdf, id=1146, 433.62pt x 433.62pt>
File: seguimientov3-093.pdf Graphic file (type pdf)
<use seguimientov3-093.pdf>
Package pdftex.def Info: seguimientov3-093.pdf  used on input line 617.
(pdftex.def)             Requested size: 276.00105pt x 276.0139pt.

[91 <./seguimientov3-092.pdf>] [92 <./seguimientov3-093.pdf>]
(seguimientov3.aux) ) 
Here is how much of TeX's memory you used:
 2994 strings out of 480790
 53936 string characters out of 2895394
 274458 words of memory out of 3000000
 18933 multiletter control sequences out of 15000+200000
 560811 words of font info for 80 fonts, out of 3000000 for 9000
 1141 hyphenation exceptions out of 8191
 38i,6n,29p,334b,284s stack positions out of 5000i,500n,10000p,200000b,50000s
 <C:\Users\PERCI\AppData\Local\MiKTeX\2.9\fonts/pk/ljfour/
jknappen/ec/dpi600\tctt1000.pk><C:/Users/PERCI/AppData/Local/Programs/MiKTeX 2.
9/fonts/type1/public/amsfonts/cm/cmb10.pfb><C:/Users/PERCI/AppData/Local/Progra
ms/MiKTeX 2.9/fonts/type1/public/amsfonts/cm/cmr10.pfb><C:/Users/PERCI/AppData/
Local/Programs/MiKTeX 2.9/fonts/type1/public/amsfonts/cm/cmr12.pfb><C:/Users/PE
RCI/AppData/Local/Programs/MiKTeX 2.9/fonts/type1/public/amsfonts/cm/cmr17.pfb>
<C:/Users/PERCI/AppData/Local/Programs/MiKTeX 2.9/fonts/type1/public/amsfonts/c
m/cmr9.pfb><C:/Users/PERCI/AppData/Local/Programs/MiKTeX 2.9/fonts/type1/public
/amsfonts/cm/cmsltt10.pfb><C:/Users/PERCI/AppData/Local/Programs/MiKTeX 2.9/fon
ts/type1/public/amsfonts/cm/cmtt10.pfb>
Output written on seguimientov3.pdf (92 pages, 1082107 bytes).
PDF statistics:
 1202 PDF objects out of 1440 (max. 8388607)
 0 named destinations out of 1000 (max. 500000)
 440 words of extra memory for PDF output out of 10000 (max. 10000000)

